<?xml version="1.0" encoding="UTF-8"?>
<!-- Generated by org.testng.reporters.JUnitReportReporter -->
<testsuite skipped="0" hostname="thinkpad-l480" name="com.trello.regression.AddLabelToCardTest" tests="1" failures="0" timestamp="15 Apr 2019 11:49:18 GMT" time="0.529" errors="0">
  <testcase name="post" time="0.529" classname="com.trello.regression.AddLabelToCardTest"/>
</testsuite> <!-- com.trello.regression.AddLabelToCardTest -->
