<?xml version="1.0" encoding="UTF-8"?>
<!-- Generated by org.testng.reporters.JUnitReportReporter -->
<testsuite skipped="0" hostname="thinkpad-l480" name="com.trello.regression.CreateCardTest" tests="1" failures="0" timestamp="15 Apr 2019 11:56:29 GMT" time="2.645" errors="0">
  <testcase name="createCard" time="2.645" classname="com.trello.regression.CreateCardTest"/>
</testsuite> <!-- com.trello.regression.CreateCardTest -->
